0 info it worked if it ends with ok
1 verbose cli [ '/usr/local/bin/node', '/usr/local/bin/npm', 'publish' ]
2 info using npm@3.3.12
3 info using node@v5.1.0
4 verbose publish [ '.' ]
5 silly cache add args [ '.', null ]
6 verbose cache add spec .
7 silly cache add parsed spec Result {
7 silly cache add   raw: '.',
7 silly cache add   scope: null,
7 silly cache add   name: null,
7 silly cache add   rawSpec: '.',
7 silly cache add   spec: '/Users/dominikriedel/Documents/Webprojekte/AFPushNotificationServiceSDK-nodeJS',
7 silly cache add   type: 'directory' }
8 verbose addLocalDirectory /Users/dominikriedel/.npm/afpushnotificationservicesdk-nodejs/0.1.0/package.tgz not in flight; packing
9 info lifecycle afpushnotificationservicesdk-nodejs@0.1.0~prepublish: afpushnotificationservicesdk-nodejs@0.1.0
10 silly lifecycle afpushnotificationservicesdk-nodejs@0.1.0~prepublish: no script for prepublish, continuing
11 verbose tar pack [ '/Users/dominikriedel/.npm/afpushnotificationservicesdk-nodejs/0.1.0/package.tgz',
11 verbose tar pack   '/Users/dominikriedel/Documents/Webprojekte/AFPushNotificationServiceSDK-nodeJS' ]
12 verbose tarball /Users/dominikriedel/.npm/afpushnotificationservicesdk-nodejs/0.1.0/package.tgz
13 verbose folder /Users/dominikriedel/Documents/Webprojekte/AFPushNotificationServiceSDK-nodeJS
14 verbose addLocalTarball adding from inside cache /Users/dominikriedel/.npm/afpushnotificationservicesdk-nodejs/0.1.0/package.tgz
15 silly cache afterAdd afpushnotificationservicesdk-nodejs@0.1.0
16 verbose afterAdd /Users/dominikriedel/.npm/afpushnotificationservicesdk-nodejs/0.1.0/package/package.json not in flight; writing
17 verbose afterAdd /Users/dominikriedel/.npm/afpushnotificationservicesdk-nodejs/0.1.0/package/package.json written
18 silly publish { name: 'afpushnotificationservicesdk-nodejs',
18 silly publish   version: '0.1.0',
18 silly publish   description: 'appfarms push notification service - nodeJS SDK',
18 silly publish   main: 'index.js',
18 silly publish   scripts: { test: 'No Tests implemented' },
18 silly publish   repository:
18 silly publish    { type: 'git',
18 silly publish      url: 'git://github.com/appfarms/AFPushNotificationServiceSDK-nodeJS.git' },
18 silly publish   author:
18 silly publish    { name: 'appfarms GmbH & Co. KG',
18 silly publish      email: 'info@appfarms.com',
18 silly publish      url: 'http://www.appfarms.com' },
18 silly publish   license:
18 silly publish    [ { type: 'MIT',
18 silly publish        url: 'https://github.com/appfarms/AFPushNotificationServiceSDK-nodeJS/blob/master/LICENSE-MIT' } ],
18 silly publish   bugs: { url: 'https://github.com/appfarms/AFPushNotificationServiceSDK-nodeJS/issues' },
18 silly publish   devDependencies: { chai: '^3.5.0', mocha: '^2.4.5' },
18 silly publish   dependencies: { request: '^2.69.0' },
18 silly publish   readme: 'AFPushNotificationServiceSDK-nodeJS\n=========\n\n[![npm package](https://nodei.co/npm/afpushnotificationservicesdk-nodejs.png?downloads=true&downloadRank=true&stars=true)](https://www.npmjs.com/package/afpushnotificationservicesdk-nodejs)\n\nA small library providing utility methods to send iOS and Android Push Notifications via the appfarms push notification service (http://push.appfarms.com).\n\n# Prerequirements\nYou need to create an REST API Key from the appfarms push notification service (http://push.appfarms.com). If you do not have yet, you will\nneed to create a new Account on this website and subsribe to the service plan of the appfarms push notification service.\n\n# Installation\n\n  npm install afpushnotificationservicesdk-nodejs --save\n\n# Usage\n```javascript\nvar afpushservice = new AFPushService()\nafpushservice.on("success", (result) => {\n    console.log(result.statusCode);\n    console.log(result.toJSON());\n});\n\nafpushservice.on("error", (error) => {\n    console.log("error: "+error);\n});\nafpushservice.sendPushNotification("09f3eb8e44e0a6b65ca4d43f139a8d36", "Noch ein Test", "Neue Nachricht", {}, null);\n```\n\n### sendPushNotification\n\nParameter:\n$1 -> APIKey\n$2 -> title of push notification\n$3 -> message of push notification\n$4 -> custom payload\n$5 -> filter as array\n\n### Filter\n\n\n\n# Release History\n\n* 0.1.0 Initial release',
18 silly publish   readmeFilename: 'README.md',
18 silly publish   gitHead: '6ffea80d61678df0cbf40581b92539362eaadcfb',
18 silly publish   homepage: 'https://github.com/appfarms/AFPushNotificationServiceSDK-nodeJS#readme',
18 silly publish   _id: 'afpushnotificationservicesdk-nodejs@0.1.0',
18 silly publish   _shasum: '864b3ac2e45248088646b60ac8094cf86355339a',
18 silly publish   _from: '.' }
19 verbose getPublishConfig undefined
20 silly mapToRegistry name afpushnotificationservicesdk-nodejs
21 silly mapToRegistry using default registry
22 silly mapToRegistry registry https://registry.npmjs.org/
23 silly mapToRegistry uri https://registry.npmjs.org/afpushnotificationservicesdk-nodejs
24 verbose publish registryBase https://registry.npmjs.org/
25 silly publish uploading /Users/dominikriedel/.npm/afpushnotificationservicesdk-nodejs/0.1.0/package.tgz
26 verbose request uri https://registry.npmjs.org/afpushnotificationservicesdk-nodejs
27 verbose request sending authorization for write operation
28 info attempt registry request try #1 at 10:12:21 AM
29 verbose request using bearer token for auth
30 verbose request id 46c923710f7e45f0
31 http request PUT https://registry.npmjs.org/afpushnotificationservicesdk-nodejs
32 http 403 https://registry.npmjs.org/afpushnotificationservicesdk-nodejs
33 verbose headers { 'content-type': 'application/json',
33 verbose headers   'cache-control': 'max-age=300',
33 verbose headers   'content-length': '95',
33 verbose headers   'accept-ranges': 'bytes',
33 verbose headers   date: 'Wed, 23 Mar 2016 09:12:22 GMT',
33 verbose headers   via: '1.1 varnish',
33 verbose headers   connection: 'keep-alive',
33 verbose headers   'x-served-by': 'cache-ams4146-AMS',
33 verbose headers   'x-cache': 'MISS',
33 verbose headers   'x-cache-hits': '0',
33 verbose headers   'x-timer': 'S1458724341.603838,VS0,VE1218' }
34 verbose request invalidating /Users/dominikriedel/.npm/registry.npmjs.org/afpushnotificationservicesdk-nodejs on PUT
35 error publish Failed PUT 403
36 verbose stack Error: "You cannot publish over the previously published version 0.1.0." : afpushnotificationservicesdk-nodejs
36 verbose stack     at makeError (/usr/local/lib/node_modules/npm/node_modules/npm-registry-client/lib/request.js:264:12)
36 verbose stack     at CachingRegistryClient.<anonymous> (/usr/local/lib/node_modules/npm/node_modules/npm-registry-client/lib/request.js:252:14)
36 verbose stack     at Request._callback (/usr/local/lib/node_modules/npm/node_modules/npm-registry-client/lib/request.js:172:14)
36 verbose stack     at Request.self.callback (/usr/local/lib/node_modules/npm/node_modules/request/request.js:198:22)
36 verbose stack     at emitTwo (events.js:87:13)
36 verbose stack     at Request.emit (events.js:172:7)
36 verbose stack     at Request.<anonymous> (/usr/local/lib/node_modules/npm/node_modules/request/request.js:1082:10)
36 verbose stack     at emitOne (events.js:82:20)
36 verbose stack     at Request.emit (events.js:169:7)
36 verbose stack     at IncomingMessage.<anonymous> (/usr/local/lib/node_modules/npm/node_modules/request/request.js:1009:12)
37 verbose statusCode 403
38 verbose pkgid afpushnotificationservicesdk-nodejs
39 verbose cwd /Users/dominikriedel/Documents/Webprojekte/AFPushNotificationServiceSDK-nodeJS
40 error Darwin 15.0.0
41 error argv "/usr/local/bin/node" "/usr/local/bin/npm" "publish"
42 error node v5.1.0
43 error npm  v3.3.12
44 error code E403
45 error "You cannot publish over the previously published version 0.1.0." : afpushnotificationservicesdk-nodejs
46 error If you need help, you may report this error at:
46 error     <https://github.com/npm/npm/issues>
47 verbose exit [ 1, true ]
